3
3
3
3
3
3
3
3
3
3
3
3
3
3
3
3
3
3
3
3
3
3
3
3
3
3
3
3
3
3
3
3
3
3
3
3
3
3
3
3
3
3
3
3
3
3
3
3
3
3
3
3
3
3
3
3
3
3
3
3
3
3
3
3
3
3
3
3
3
3
3
3
3
3
3
3
3
3
3
3
3
3
3
3
3
3
3
3
3
3
3
3
3
3
3
3
3
3
3
3
3
3
3
3
3
3
3
3
3
3
3
3
3
3
3
3
3
3
3
3
3
3
3
3
3
3
3
3
srun: error: cdr1915: tasks 32-63: Exited with exit code 3
srun: launch/slurm: _step_signal: Terminating StepId=51382603.0
srun: error: cdr1868: tasks 0-31: Exited with exit code 3
srun: error: cdr1928: tasks 64-95: Exited with exit code 3
srun: error: cdr2008: tasks 96-127: Exited with exit code 3
