
     Program WFCK2R v.6.8 starts on 15Dec2022 at 12:25: 7 

     This program is part of the open-source Quantum ESPRESSO suite
     for quantum simulation of materials; please cite
         "P. Giannozzi et al., J. Phys.:Condens. Matter 21 395502 (2009);
         "P. Giannozzi et al., J. Phys.:Condens. Matter 29 465901 (2017);
         "P. Giannozzi et al., J. Chem. Phys. 152 154105 (2020);
          URL http://www.quantum-espresso.org", 
     in publications or presentations arising from this work. More details at
     http://www.quantum-espresso.org/quote

     Parallel version (MPI & OpenMP), running on      64 processor cores
     Number of MPI processes:                64
     Threads/MPI process:                     1

     MPI processes distributed on     2 nodes
     R & G space division:  proc/nbgrp/npool/nimage =      64
     146574 MiB available memory on the printing compute node when the environment starts
 

     Reading xml data from directory:

     ./TMP_DIR/hBN.save/
     file N.pbe-n-kjpaw_psl.1.0.0.UPF: wavefunction(s)  2S renormalized
     file C.pbe-n-kjpaw_psl.1.0.0.UPF: wavefunction(s)  2S 2P renormalized

     IMPORTANT: XC functional enforced from input :
     Exchange-correlation= PBE
                           (   1   4   3   4   0   0   0)
     Any further DFT definition will be discarded
     Please, verify this is what you really want

 
     Parallelization info
     --------------------
     sticks:   dense  smooth     PW     G-vecs:    dense   smooth      PW
     Min         305     146     39                41099    13666    1887
     Max         306     147     40                41106    13675    1892
     Sum       19551    9379   2523              2630503   874849  120871
 
     Using Slab Decomposition
 
 ----2D----2D----2D----2D----2D----2D----2D----2D----2D----2D----2D----2D
  The code is running with the 2D cutoff
  Please refer to:
  Sohier, T., Calandra, M., & Mauri, F. (2017), 
  Density functional perturbation theory for gated two-dimensional heterostructu
 res:
  Theoretical developments and application to flexural phonons in graphene.
  Physical Review B, 96(7), 75448. https://doi.org/10.1103/PhysRevB.96.075448
 ----2D----2D----2D----2D----2D----2D----2D----2D----2D----2D----2D----2D

     negative rho (up, down):  3.161E-03 0.000E+00
 filename              = wfc_r
 dffts%nnr, npwx       =       43200        1742
 first_k, last_k       =           1           1
 first_band, last_band =          99          99
 
 length of wfc in real space/per band    33177600
 length of wfc in k space       83616
 
     WFCK2R       :      7.63s CPU     20.62s WALL

 
   This run was terminated on:  12:25:28  15Dec2022            

=------------------------------------------------------------------------------=
   JOB DONE.
=------------------------------------------------------------------------------=
